<?xml version="1.0" encoding="UTF-8"?>
<!-- Generated by org.testng.reporters.JUnitXMLReporter -->
<testsuite ignored="0" hostname="Chandu" failures="0" tests="7" name="Regression1" time="20.845" errors="0" timestamp="2024-01-16T23:02:04 IST">
  <testcase classname="demos.GroupsDemo" name="method1" time="3.609"/>
  <testcase classname="demos.GroupsDemo" name="method2" time="3.515"/>
  <testcase classname="demos.GroupsDemo" name="method3" time="2.71"/>
  <testcase classname="demos.GroupsDemo" name="method4" time="2.524"/>
  <testcase classname="demos.GroupsDemo" name="method5" time="2.743"/>
  <testcase classname="demos.GroupsDemo" name="method6" time="2.429"/>
  <testcase classname="demos.GroupsDemo" name="method7" time="3.267"/>
</testsuite> <!-- Regression1 -->
