<?xml version="1.0" encoding="UTF-8"?>
<!-- Generated by org.testng.reporters.JUnitXMLReporter -->
<testsuite ignored="0" hostname="Chandu" failures="3" tests="5" name="TestCycle-1" time="194.289" errors="0" timestamp="2024-01-17T07:39:51 IST">
  <testcase classname="listenersPractice.TestClass" name="method1" time="35.785"/>
  <testcase classname="listenersPractice.TestClass" name="method2" time="65.936"/>
  <testcase classname="listenersPractice.TestClass" name="method3" time="86.097">
    <failure type="java.lang.AssertionError" message="expected [Selenium] but found [The Selenium Browser Automation Project | Selenium]">
      <![CDATA[java.lang.AssertionError: expected [Selenium] but found [The Selenium Browser Automation Project | Selenium]
at listenersPractice.TestClass.method3(TestClass.java:50)
at java.base/java.util.ArrayList.forEach(ArrayList.java:1511)
... Removed 33 stack frames]]>
    </failure>
  </testcase> <!-- method3 -->
  <testcase classname="listenersPractice.TestClass" name="method4" time="1.125">
    <failure type="java.lang.AssertionError" message="expected [true] but found [false]">
      <![CDATA[java.lang.AssertionError: expected [true] but found [false]
at listenersPractice.TestClass.method4(TestClass.java:61)
at java.base/java.util.ArrayList.forEach(ArrayList.java:1511)
... Removed 31 stack frames]]>
    </failure>
  </testcase> <!-- method4 -->
  <testcase classname="listenersPractice.TestClass" name="method5" time="1.016">
    <failure type="org.testng.internal.thread.ThreadTimeoutException" message="Method listenersPractice.TestClass.method5() didn&amp;apos;t finish within the time-out 1000">
      <![CDATA[org.testng.internal.thread.ThreadTimeoutException: Method listenersPractice.TestClass.method5() didn't finish within the time-out 1000
at java.base@17.0.1/java.lang.Thread.sleep(Native Method)
at app//listenersPractice.TestClass.method5(TestClass.java:71)
at java.base@17.0.1/java.util.concurrent.FutureTask.run(FutureTask.java:264)
at java.base@17.0.1/java.util.concurrent.ThreadPoolExecutor.runWorker(ThreadPoolExecutor.java:1136)
at java.base@17.0.1/java.util.concurrent.ThreadPoolExecutor$Worker.run(ThreadPoolExecutor.java:635)
at java.base@17.0.1/java.lang.Thread.run(Thread.java:833)
... Removed 8 stack frames]]>
    </failure>
  </testcase> <!-- method5 -->
</testsuite> <!-- TestCycle-1 -->
