<?xml version="1.0" encoding="UTF-8"?>
<testng-results ignored="0" total="1" passed="1" failed="0" skipped="0">
  <reporter-output>
  </reporter-output>
  <suite started-at="2024-02-19T15:24:14 IST" name="Default suite" finished-at="2024-02-19T15:24:14 IST" duration-ms="38">
    <groups>
    </groups>
    <test started-at="2024-02-19T15:24:14 IST" name="Default test" finished-at="2024-02-19T15:24:14 IST" duration-ms="38">
      <class name="log4j.Log4jDemo">
        <test-method signature="loggingmethod()[pri:0, instance:log4j.Log4jDemo@6239aba6]" started-at="2024-02-19T15:24:14 IST" name="loggingmethod" finished-at="2024-02-19T15:24:14 IST" duration-ms="10" status="PASS">
          <reporter-output>
          </reporter-output>
        </test-method> <!-- loggingmethod -->
      </class> <!-- log4j.Log4jDemo -->
    </test> <!-- Default test -->
  </suite> <!-- Default suite -->
</testng-results>
