<?xml version="1.0" encoding="UTF-8"?>
<!-- Generated by org.testng.reporters.JUnitXMLReporter -->
<testsuite ignored="0" hostname="Chandu" failures="1" tests="3" name="ExtentReport-1" time="3.597" errors="0" timestamp="2024-01-16T23:02:23 IST">
  <testcase classname="extentReportsPractice.TestClass" name="method1" time="1.301">
    <failure type="java.lang.AssertionError" message="expected [amazon] but found [The Selenium Browser Automation Project | Selenium]">
      <![CDATA[java.lang.AssertionError: expected [amazon] but found [The Selenium Browser Automation Project | Selenium]
at extentReportsPractice.TestClass.method1(TestClass.java:16)
at java.base/java.util.ArrayList.forEach(ArrayList.java:1511)
... Removed 33 stack frames]]>
    </failure>
  </testcase> <!-- method1 -->
  <testcase classname="extentReportsPractice.TestClass" name="method2" time="0.2"/>
  <testcase classname="extentReportsPractice.TestClass" name="method3" time="0.115"/>
</testsuite> <!-- ExtentReport-1 -->
