<?xml version="1.0" encoding="UTF-8"?>
<testng-results ignored="0" total="2" passed="2" failed="0" skipped="0">
  <reporter-output>
  </reporter-output>
  <suite started-at="2024-01-19T17:48:41 IST" name="Default suite" finished-at="2024-01-19T17:48:42 IST" duration-ms="61">
    <groups>
    </groups>
    <test started-at="2024-01-19T17:48:41 IST" name="Default test" finished-at="2024-01-19T17:48:42 IST" duration-ms="61">
      <class name="assistedProject.TestStringCalculator">
        <test-method signature="passString()[pri:49, instance:assistedProject.TestStringCalculator@298a5e20]" started-at="2024-01-19T17:48:41 IST" name="passString" finished-at="2024-01-19T17:48:41 IST" duration-ms="22" status="PASS">
          <reporter-output>
          </reporter-output>
        </test-method> <!-- passString -->
        <test-method signature="TestaddString()[pri:50, instance:assistedProject.TestStringCalculator@298a5e20]" started-at="2024-01-19T17:48:42 IST" name="TestaddString" finished-at="2024-01-19T17:48:42 IST" duration-ms="1" status="PASS">
          <reporter-output>
          </reporter-output>
        </test-method> <!-- TestaddString -->
      </class> <!-- assistedProject.TestStringCalculator -->
    </test> <!-- Default test -->
  </suite> <!-- Default suite -->
</testng-results>
